<?xml version="1.0" encoding="UTF-8"?>
<!-- Generated by org.testng.reporters.JUnitReportReporter -->
<testsuite hostname="shamun28" name="runner.Test_Runner" tests="1" failures="0" timestamp="29 Jul 2021 09:08:50 GMT" time="20.176" errors="0">
  <testcase name="runScenario" time="20.176" classname="runner.Test_Runner"/>
</testsuite> <!-- runner.Test_Runner -->
