<?xml version="1.0" encoding="UTF-8"?>
<!-- Generated by org.testng.reporters.JUnitReportReporter -->
<testsuite hostname="shamun28" name="runner.Test_Runner" tests="1" failures="0" timestamp="21 Jul 2021 06:59:52 GMT" time="12.755" errors="0">
  <testcase name="runScenario" time="12.755" classname="runner.Test_Runner"/>
</testsuite> <!-- runner.Test_Runner -->
