<?xml version="1.0" encoding="UTF-8"?>
<!-- Generated by org.testng.reporters.JUnitReportReporter -->
<testsuite hostname="shamun28" name="runner.Test_Runner" tests="1" failures="0" timestamp="20 Jul 2021 20:29:02 GMT" time="14.105" errors="0">
  <testcase name="runScenario" time="14.105" classname="runner.Test_Runner"/>
</testsuite> <!-- runner.Test_Runner -->
