<?xml version="1.0" encoding="UTF-8"?>
<!-- Generated by org.testng.reporters.JUnitReportReporter -->
<testsuite skipped="3" hostname="shamun28" name="demos.Demoshybrid" tests="4" failures="0" timestamp="12 Aug 2021 04:52:06 GMT" time="57.190" errors="0">
  <testcase name="testcase4" time="57.190" classname="demos.Demoshybrid"/>
  <testcase name="testcase2" classname="demos.Demoshybrid">
    <skipped/>
  </testcase> <!-- testcase2 -->
  <testcase name="testcase3" classname="demos.Demoshybrid">
    <skipped/>
  </testcase> <!-- testcase3 -->
  <testcase name="testcase1" classname="demos.Demoshybrid">
    <skipped/>
  </testcase> <!-- testcase1 -->
</testsuite> <!-- demos.Demoshybrid -->
